<?xml version="1.0" encoding="UTF-8"?>
<coverage generated="1660687146158" clover="3.2.0">
  <project timestamp="1660687146158" name="All files">
    <metrics statements="8" coveredstatements="8" conditionals="2" coveredconditionals="2" methods="2" coveredmethods="2" elements="12" coveredelements="12" complexity="0" loc="8" ncloc="8" packages="1" files="1" classes="1"/>
    <file name="script.js" path="/home/tiagobviegas/GitHub/trybe-exercicios/fundamentos/bloco-07-introducao-a-javascript-es6-e-testes-unitarios/dia-03-primeiros-passos-em-jest/aula-ao-vivo/script.js">
      <metrics statements="8" coveredstatements="8" conditionals="2" coveredconditionals="2" methods="2" coveredmethods="2"/>
      <line num="4" count="5" type="stmt"/>
      <line num="17" count="4" type="stmt"/>
      <line num="18" count="4" type="cond" truecount="2" falsecount="0"/>
      <line num="19" count="1" type="stmt"/>
      <line num="22" count="3" type="stmt"/>
      <line num="23" count="9" type="stmt"/>
      <line num="25" count="3" type="stmt"/>
      <line num="28" count="1" type="stmt"/>
    </file>
  </project>
</coverage>
