{"/home/tiagobviegas/GitHub/trybe-exercicios/fundamentos/bloco-07-introducao-a-javascript-es6-e-testes-unitarios/dia-03-primeiros-passos-em-jest/aula-ao-vivo/script.js": {"path":"/home/tiagobviegas/GitHub/trybe-exercicios/fundamentos/bloco-07-introducao-a-javascript-es6-e-testes-unitarios/dia-03-primeiros-passos-em-jest/aula-ao-vivo/script.js","statementMap":{"0":{"start":{"line":4,"column":2},"end":{"line":4,"column":14}},"1":{"start":{"line":17,"column":18},"end":{"line":17,"column":19}},"2":{"start":{"line":18,"column":2},"end":{"line":20,"column":3}},"3":{"start":{"line":19,"column":4},"end":{"line":19,"column":56}},"4":{"start":{"line":22,"column":2},"end":{"line":24,"column":3}},"5":{"start":{"line":22,"column":15},"end":{"line":22,"column":16}},"6":{"start":{"line":23,"column":4},"end":{"line":23,"column":19}},"7":{"start":{"line":25,"column":2},"end":{"line":25,"column":18}},"8":{"start":{"line":28,"column":0},"end":{"line":28,"column":38}}},"fnMap":{"0":{"name":"sum","decl":{"start":{"line":3,"column":9},"end":{"line":3,"column":12}},"loc":{"start":{"line":3,"column":19},"end":{"line":5,"column":1}},"line":3},"1":{"name":"summationOf","decl":{"start":{"line":16,"column":9},"end":{"line":16,"column":20}},"loc":{"start":{"line":16,"column":29},"end":{"line":26,"column":1}},"line":16}},"branchMap":{"0":{"loc":{"start":{"line":18,"column":2},"end":{"line":20,"column":3}},"type":"if","locations":[{"start":{"line":18,"column":2},"end":{"line":20,"column":3}},{"start":{},"end":{}}],"line":18}},"s":{"0":5,"1":4,"2":4,"3":1,"4":3,"5":3,"6":9,"7":3,"8":1},"f":{"0":5,"1":4},"b":{"0":[1,3]},"_coverageSchema":"1a1c01bbd47fc00a2c39e90264f33305004495a9","hash":"3757ba23d5693a8e7fd45842e4b8bb9efb775439"}
}
